C51 COMPILER V9.01   DATAREDUCTION                                                         05/23/2016 16:43:53 PAGE 1   


C51 COMPILER V9.01, COMPILATION OF MODULE DATAREDUCTION
OBJECT MODULE PLACED IN DataReduction.OBJ
COMPILER INVOKED BY: C:\Keil\C51\BIN\C51.EXE DataReduction.c BROWSE DEBUG OBJECTEXTEND

line level    source

   1          #include <STC89Cxx.h>
   2          unsigned char buf,times,va1,num,save_times,sending,timer1,timer2;
   3          unsigned int posit;
   4          unsigned char laser[720];
   5          unsigned char pack[23];
   6          void send();
   7          void sendc();
   8          void init();
   9          void save_data();
  10          
  11          
  12          
  13          void main()
  14          {
  15   1              init();
  16   1              while(1);
  17   1      }
  18          
  19          void reduction(){
  20   1      
  21   1      }
  22          
  23          void init(void)                         //串口初始化
  24          {
  25   1              EA=0; //暂时关闭中断
  26   1      //T2定时器相关设定
  27   1              RCAP2H=0xff;  
  28   1              RCAP2L=0xfd;
  29   1      //串口相关设定
  30   1              SCON=0x50;     //串口工作在模式1
  31   1              ES=0;         //串行中断允许
  32   1      //定时器T0,T1设定
  33   1              TMOD=0X11;
  34   1              TH1=(65536-100)/256;      //100US定时
  35   1              TL1=(65536-100)%256;
  36   1              TH0=0;
  37   1              TL0=0;  
  38   1      //定时器T0,T1开中断
  39   1              ET1= 1;
  40   1              ET0= 1;
  41   1      //启动定时器T1,T2
  42   1              TR1= 1;         //启动定时器1
  43   1              T2CON=0x34;  //TF2 EXF2 RCLK TCLK EXEN2 TR2 C/T2 CP/RL2    启动定时器2
  44   1      //开总中断
  45   1              EA=1;         //允许中断
  46   1      //外部中断初始化
  47   1              EX0=1;     //开启外部中断0
  48   1          IT0=1;         //下降沿有效
  49   1              IE0=0;
  50   1      } 
  51          
  52          void save_data(){
  53   1              posit=(pack[1]-160)*8;
  54   1              if (pack[5]>=0x18)
  55   1              {
C51 COMPILER V9.01   DATAREDUCTION                                                         05/23/2016 16:43:53 PAGE 2   

  56   2                      laser[posit]=0;laser[posit+1]=0;
  57   2              }else{
  58   2                      laser[posit]=pack[4];laser[posit+1]=pack[5];
  59   2              }
  60   1              if (pack[9]>=0x18)
  61   1              {
  62   2                      laser[posit+2]=0;laser[posit+3]=0;
  63   2              }else{
  64   2                      laser[posit+2]=pack[8];laser[posit+3]=pack[9];
  65   2              }
  66   1              if (pack[13]>=0x18)
  67   1              {
  68   2                      laser[posit+4]=0;laser[posit+5]=0;
  69   2              }else{
  70   2                      laser[posit+4]=pack[12];laser[posit+5]=pack[13];
  71   2              }
  72   1              if (pack[17]>=0x18)
  73   1              {
  74   2                      laser[posit+6]=0;laser[posit+7]=0;
  75   2              }else{
  76   2                      laser[posit+6]=pack[16];laser[posit+7]=pack[17];
  77   2              }
  78   1      }
  79          
  80          void  serial() interrupt 4 
  81          {
  82   1              if (RI)
  83   1              {
  84   2                      RI=0;
  85   2                      buf=SBUF;
  86   2                      times++;
  87   2                      if (buf==0xFA)
  88   2                      {
  89   3                              va1=1;
  90   3                              times=1;
  91   3                      }
  92   2                      if (va1==1&&times==2)
  93   2                      {
  94   3                              if (buf>=0xA0&&buf<=0xF9)
  95   3                              {
  96   4                                      va1=0;
  97   4                                      num=0;
  98   4                              }
  99   3                      }
 100   2                      num++;
 101   2                      pack[num]=buf;
 102   2                      if (num==22)
 103   2                      {
 104   3                              num=0;
 105   3                              save_data();
 106   3                              save_times++;
 107   3                      }
 108   2                      if (save_times>=90)
 109   2                      {
 110   3                              sendc(laser);
*** ERROR C267 IN LINE 110 OF DATAREDUCTION.C: 'sendc': requires ANSI-style prototype
 111   3                              ES=0;
 112   3                              TR1=1;
 113   3      
 114   3                      }
 115   2              }
 116   1      
C51 COMPILER V9.01   DATAREDUCTION                                                         05/23/2016 16:43:53 PAGE 3   

 117   1              if (TI)
 118   1              {
 119   2                      
 120   2              TI=0;
 121   2              sending=0;
 122   2              }
 123   1      
 124   1      }
 125          
 126          void send(unsigned char d)                //发送一个字节的数据，形参d即为待发送数据。
 127          {
 128   1       SBUF=d; //将数据写入到串口缓冲
 129   1       sending=1;      //设置发送标志
 130   1       while(sending); //等待发送完毕
 131   1      }
 132          
 133          void sendc(unsigned char * pd)
 134          {
 135   1       while((*pd)!='\0') //发送字符串，直到遇到0才结束
 136   1       {
 137   2        send(*pd); //发送一个字符
 138   2        pd++;  //移动到下一个字符
 139   2       }
 140   1      }
 141          
 142          void time1() interrupt 3  
 143          {       
 144   1          TH1=(65536-100)/256;          //100US定时
 145   1              TL1=(65536-100)%256;
 146   1      
 147   1               // pwm_val_left++;
 148   1               // pwm_Servomoto();
 149   1      
 150   1              timer1++;                                //20MS扫一次数码管
 151   1              if(timer1>=200)
 152   1              {
 153   2                      timer2++;
 154   2                      if (timer2>=200)//4s
 155   2                      {
 156   3                              ES=1;
 157   3                              TR1=0;
 158   3                              timer2=0;
 159   3                      }
 160   2                      timer1=0;
 161   2              }
 162   1      }

C51 COMPILATION COMPLETE.  0 WARNING(S),  1 ERROR(S)
